<?xml version="1.0" encoding="UTF-8"?>
<!-- Generated by org.testng.reporters.JUnitXMLReporter -->
<testsuite ignored="0" hostname="CFINDL0719-KM" failures="0" tests="10" name="Default test" time="740.787" errors="0" timestamp="16 Nov 2022 12:26:40 GMT">
  <testcase classname="MobileView" name="searchwithfilters" time="74.876"/>
  <testcase classname="MobileView" name="searchwithfilters" time="73.676"/>
  <testcase classname="MobileView" name="searchwithfilters" time="73.865"/>
  <testcase classname="MobileView" name="searchwithfilters" time="75.515"/>
  <testcase classname="MobileView" name="searchwithfilters" time="73.168"/>
  <testcase classname="MobileView" name="searchwithfilters" time="74.717"/>
  <testcase classname="MobileView" name="searchwithfilters" time="72.318"/>
  <testcase classname="MobileView" name="searchwithfilters" time="75.691"/>
  <testcase classname="MobileView" name="searchwithfilters" time="73.118"/>
  <testcase classname="MobileView" name="searchwithfilters" time="73.801"/>
</testsuite> <!-- Default test -->
