<?xml version="1.0" encoding="UTF-8"?>
<testng-results ignored="0" total="1" passed="1" failed="0" skipped="0">
  <reporter-output>
  </reporter-output>
  <suite started-at="2022-11-01T10:19:10Z" name="Default suite" finished-at="2022-11-01T10:19:53Z" duration-ms="42716">
    <groups>
    </groups>
    <test started-at="2022-11-01T10:19:10Z" name="Default test" finished-at="2022-11-01T10:19:53Z" duration-ms="42716">
      <class name="BookGroomingAtHome_Reschedule">
        <test-method signature="reschedulebooking()[pri:0, instance:BookGroomingAtHome_Reschedule@303cf2ba]" started-at="2022-11-01T10:19:10Z" name="reschedulebooking" finished-at="2022-11-01T10:19:53Z" duration-ms="42697" status="PASS">
          <reporter-output>
          </reporter-output>
        </test-method> <!-- reschedulebooking -->
      </class> <!-- BookGroomingAtHome_Reschedule -->
    </test> <!-- Default test -->
  </suite> <!-- Default suite -->
</testng-results>
